<?xml version="1.0" encoding="UTF-8"?>
<!-- Generated by org.testng.reporters.JUnitReportReporter -->
<testsuite hostname="DESKTOP-Q7S0LT0" failures="0" tests="2" name="practice.testng.ConfigurationAnnotation.ConfigAnnotation3Test" time="0.012" errors="0" timestamp="2024-06-26T17:15:38 IST" skipped="0">
  <testcase classname="practice.testng.ConfigurationAnnotation.ConfigAnnotation3Test" name="createContact" time="0.008"/>
  <system-out/>
  <testcase classname="practice.testng.ConfigurationAnnotation.ConfigAnnotation3Test" name="createContactWithDate" time="0.004"/>
  <system-out/>
</testsuite> <!-- practice.testng.ConfigurationAnnotation.ConfigAnnotation3Test -->
