<?xml version="1.0" encoding="UTF-8"?>
<!-- Generated by org.testng.reporters.JUnitReportReporter -->
<testsuite hostname="DESKTOP-Q7S0LT0" failures="0" tests="2" name="com.testngcast.crm.orgtest.CreateOrgTest" time="0.004" errors="0" timestamp="2024-06-28T13:08:03 IST" skipped="0">
  <testcase classname="com.testngcast.crm.orgtest.CreateOrgTest" name="createOrgTest" time="0.003"/>
  <system-out/>
  <testcase classname="com.testngcast.crm.orgtest.CreateOrgTest" name="createOrgWithIndustries" time="0.001"/>
  <system-out/>
</testsuite> <!-- com.testngcast.crm.orgtest.CreateOrgTest -->
