<?xml version="1.0" encoding="UTF-8"?>
<!-- Generated by org.testng.reporters.JUnitReportReporter -->
<testsuite hostname="DESKTOP-Q7S0LT0" failures="0" tests="1" name="practice.testng.reporting.SampleReportTest" time="1.947" errors="0" timestamp="2024-07-04T17:03:19 IST" skipped="0">
  <testcase classname="practice.testng.reporting.SampleReportTest" name="createContactTest" time="1.947"/>
  <system-out/>
</testsuite> <!-- practice.testng.reporting.SampleReportTest -->
