<?xml version="1.0" encoding="UTF-8"?>
<!-- Generated by org.testng.reporters.JUnitReportReporter -->
<testsuite hostname="DESKTOP-Q7S0LT0" failures="0" tests="2" name="practice.testng.suiteexample.CreateContactTest" time="0.003" errors="0" timestamp="2024-07-04T13:59:14 IST" skipped="0">
  <testcase classname="practice.testng.suiteexample.CreateContactTest" name="createContactWithDate" time="0.002"/>
  <system-out/>
  <testcase classname="practice.testng.suiteexample.CreateContactTest" name="createContact" time="0.001"/>
  <system-out/>
</testsuite> <!-- practice.testng.suiteexample.CreateContactTest -->
