<?xml version="1.0" encoding="UTF-8"?>
<!-- Generated by org.testng.reporters.JUnitReportReporter -->
<testsuite hostname="DESKTOP-Q7S0LT0" failures="0" tests="1" name="com.testngcast1.crm.contacttest.CreateContactTest" time="111.152" errors="0" timestamp="2024-06-28T18:00:48 IST" skipped="0">
  <testcase classname="com.testngcast1.crm.contacttest.CreateContactTest" name="createContactWithOrgTest" time="111.152"/>
  <system-out/>
</testsuite> <!-- com.testngcast1.crm.contacttest.CreateContactTest -->
