<?xml version="1.0" encoding="UTF-8"?>
<!-- Generated by org.testng.reporters.JUnitReportReporter -->
<testsuite hostname="DESKTOP-Q7S0LT0" failures="0" tests="2" name="practice.testng.ConfigurationAnnotation.ConfigAnnotation5Test" time="0.030" errors="0" timestamp="2024-06-26T17:17:41 IST" skipped="0">
  <testcase classname="practice.testng.ConfigurationAnnotation.ConfigAnnotation5Test" name="createOrgWithIndustries" time="0.014"/>
  <system-out/>
  <testcase classname="practice.testng.ConfigurationAnnotation.ConfigAnnotation5Test" name="createOrg" time="0.016"/>
  <system-out/>
</testsuite> <!-- practice.testng.ConfigurationAnnotation.ConfigAnnotation5Test -->
