<?xml version="1.0" encoding="UTF-8"?>
<!-- Generated by org.testng.reporters.JUnitReportReporter -->
<testsuite hostname="DESKTOP-Q7S0LT0" failures="0" tests="1" name="practice.testng.DataProvidersAnnotation.GetProductInfoDemoTest" time="108.511" errors="0" timestamp="2024-06-25T12:27:38 IST" skipped="0">
  <testcase classname="practice.testng.DataProvidersAnnotation.GetProductInfoDemoTest" name="getProductInfoTest" time="108.511"/>
  <system-out/>
</testsuite> <!-- practice.testng.DataProvidersAnnotation.GetProductInfoDemoTest -->
