<?xml version="1.0" encoding="UTF-8"?>
<!-- Generated by org.testng.reporters.JUnitReportReporter -->
<testsuite hostname="DESKTOP-Q7S0LT0" failures="0" tests="3" name="practice.testng.DataProvidersAnnotation.CreateContact_DP_Test" time="0.044" errors="0" timestamp="2024-06-25T12:38:16 IST" skipped="0">
  <testcase classname="practice.testng.DataProvidersAnnotation.CreateContact_DP_Test" name="createContactTest" time="0.003"/>
  <system-out/>
  <testcase classname="practice.testng.DataProvidersAnnotation.CreateContact_DP_Test" name="createContactTest" time="0.002"/>
  <system-out/>
  <testcase classname="practice.testng.DataProvidersAnnotation.CreateContact_DP_Test" name="createContactTest" time="0.039"/>
  <system-out/>
</testsuite> <!-- practice.testng.DataProvidersAnnotation.CreateContact_DP_Test -->
