<?xml version="1.0" encoding="UTF-8"?>
<!-- Generated by org.testng.reporters.JUnitReportReporter -->
<testsuite hostname="DESKTOP-Q7S0LT0" failures="0" tests="3" name="practice.testng.reporterclass.SampleReportTest" time="0.045" errors="0" timestamp="2024-07-04T18:17:26 IST" skipped="0">
  <testcase classname="practice.testng.reporterclass.SampleReportTest" name="createContactTest" time="0.028"/>
  <system-out/>
  <testcase classname="practice.testng.reporterclass.SampleReportTest" name="createContactWithPhoneNumberTest" time="0.009"/>
  <system-out/>
  <testcase classname="practice.testng.reporterclass.SampleReportTest" name="createContactWithOrgTest" time="0.008"/>
  <system-out/>
</testsuite> <!-- practice.testng.reporterclass.SampleReportTest -->
