<?xml version="1.0" encoding="UTF-8"?>
<!-- Generated by org.testng.reporters.JUnitReportReporter -->
<testsuite hostname="DESKTOP-Q7S0LT0" failures="0" tests="1" name="practice.testng.screenshot.SampleTestForScreenShot" time="73.915" errors="0" timestamp="2024-07-02T16:12:44 IST" skipped="0">
  <testcase classname="practice.testng.screenshot.SampleTestForScreenShot" name="amazonTest" time="73.915"/>
  <system-out/>
</testsuite> <!-- practice.testng.screenshot.SampleTestForScreenShot -->
