<?xml version="1.0" encoding="UTF-8"?>
<!-- Generated by org.testng.reporters.JUnitReportReporter -->
<testsuite hostname="DESKTOP-Q7S0LT0" failures="0" tests="2" name="practice.Assertions.HomePageVerificationTest1" time="163.876" errors="0" timestamp="2024-07-01T11:35:27 IST" skipped="0">
  <testcase classname="practice.Assertions.HomePageVerificationTest1" name="homePageTest" time="56.437"/>
  <system-out/>
  <testcase classname="practice.Assertions.HomePageVerificationTest1" name="verifyLogoHomePageTest" time="107.439"/>
  <system-out/>
</testsuite> <!-- practice.Assertions.HomePageVerificationTest1 -->
