<?xml version="1.0" encoding="UTF-8"?>
<!-- Generated by org.testng.reporters.JUnitReportReporter -->
<testsuite hostname="DESKTOP-Q7S0LT0" failures="0" tests="2" name="practice.testng.ConfigurationAnnotation.CreateOrgTest" time="0.024" errors="0" timestamp="2024-06-26T17:09:00 IST" skipped="0">
  <testcase classname="practice.testng.ConfigurationAnnotation.CreateOrgTest" name="createOrgWithIndustries" time="0.009"/>
  <system-out/>
  <testcase classname="practice.testng.ConfigurationAnnotation.CreateOrgTest" name="createOrg" time="0.015"/>
  <system-out/>
</testsuite> <!-- practice.testng.ConfigurationAnnotation.CreateOrgTest -->
