<?xml version="1.0" encoding="UTF-8"?>
<!-- Generated by org.testng.reporters.JUnitReportReporter -->
<testsuite hostname="DESKTOP-Q7S0LT0" failures="0" tests="2" name="practice.testng.SampleTest" time="0.023" errors="0" timestamp="22 Jun 2024 07:56:05 GMT" skipped="0">
  <testcase classname="practice.testng.SampleTest" name="createContactTest" time="0.019"/>
  <testcase classname="practice.testng.SampleTest" name="createContactWithMobileNumberTest" time="0.004"/>
</testsuite> <!-- practice.testng.SampleTest -->
