<?xml version="1.0" encoding="UTF-8"?>
<!-- Generated by org.testng.reporters.JUnitReportReporter -->
<testsuite hostname="DESKTOP-Q7S0LT0" failures="0" tests="2" name="practice.testng.dependsonmethod.OrderTest" time="0.012" errors="0" timestamp="22 Jun 2024 12:53:20 GMT" skipped="0">
  <testcase classname="practice.testng.dependsonmethod.OrderTest" name="billingAnOrderTest" time="0.001"/>
  <testcase classname="practice.testng.dependsonmethod.OrderTest" name="createOrderTest" time="0.011"/>
</testsuite> <!-- practice.testng.dependsonmethod.OrderTest -->
