<?xml version="1.0" encoding="UTF-8"?>
<!-- Generated by org.testng.reporters.JUnitReportReporter -->
<testsuite hostname="DESKTOP-Q7S0LT0" failures="0" tests="2" name="practice.Assertions.HomePageVerificationTest" time="69.457" errors="0" timestamp="2024-07-01T11:31:53 IST" skipped="0">
  <testcase classname="practice.Assertions.HomePageVerificationTest" name="homePageTest" time="40.354"/>
  <system-out/>
  <testcase classname="practice.Assertions.HomePageVerificationTest" name="verifyLogoHomePageTest" time="29.103"/>
  <system-out/>
</testsuite> <!-- practice.Assertions.HomePageVerificationTest -->
