<?xml version="1.0" encoding="UTF-8"?>
<!-- Generated by org.testng.reporters.JUnitReportReporter -->
<testsuite hostname="DESKTOP-Q7S0LT0" failures="0" tests="3" name="com.testngcast.crm.contacttest.createContactClassTest" time="129.040" errors="0" timestamp="2024-06-28T14:00:43 IST" skipped="0">
  <testcase classname="com.testngcast.crm.contacttest.createContactClassTest" name="createContactTest" time="71.562"/>
  <system-out/>
  <testcase classname="com.testngcast.crm.contacttest.createContactClassTest" name="createContactWithOrgTest" time="38.081"/>
  <system-out/>
  <testcase classname="com.testngcast.crm.contacttest.createContactClassTest" name="createContactWithSupportDate" time="19.397"/>
  <system-out/>
</testsuite> <!-- com.testngcast.crm.contacttest.createContactClassTest -->
