<?xml version="1.0" encoding="UTF-8"?>
<!-- Generated by org.testng.reporters.JUnitReportReporter -->
<testsuite hostname="DESKTOP-Q7S0LT0" failures="0" tests="2" name="practice.Assertions.SoftAssertExample" time="0.023" errors="0" timestamp="2024-07-01T16:32:49 IST" skipped="0">
  <testcase classname="practice.Assertions.SoftAssertExample" name="homePageTest" time="0.019"/>
  <system-out/>
  <testcase classname="practice.Assertions.SoftAssertExample" name="verifyLogoHomePageTest" time="0.004"/>
  <system-out/>
</testsuite> <!-- practice.Assertions.SoftAssertExample -->
