<?xml version="1.0" encoding="UTF-8"?>
<!-- Generated by org.testng.reporters.JUnitReportReporter -->
<testsuite hostname="DESKTOP-Q7S0LT0" failures="0" tests="1" name="practice.testng.ConfigurationAnnotation.CreateContactTest" time="0.028" errors="0" timestamp="2024-06-26T15:27:12 IST" skipped="0">
  <testcase classname="practice.testng.ConfigurationAnnotation.CreateContactTest" name="createContact" time="0.028"/>
  <system-out/>
</testsuite> <!-- practice.testng.ConfigurationAnnotation.CreateContactTest -->
