<?xml version="1.0" encoding="UTF-8"?>
<!-- Generated by org.testng.reporters.JUnitReportReporter -->
<testsuite hostname="DESKTOP-Q7S0LT0" failures="0" tests="2" name="practice.Assertions.HomePageVerificationTest2" time="0.019" errors="0" timestamp="2024-07-01T16:24:08 IST" skipped="0">
  <testcase classname="practice.Assertions.HomePageVerificationTest2" name="homePageTest" time="0.018"/>
  <system-out/>
  <testcase classname="practice.Assertions.HomePageVerificationTest2" name="verifyLogoHomePageTest" time="0.001"/>
  <system-out/>
</testsuite> <!-- practice.Assertions.HomePageVerificationTest2 -->
