<?xml version="1.0" encoding="UTF-8"?>
<!-- Generated by org.testng.reporters.JUnitReportReporter -->
<testsuite hostname="DESKTOP-Q7S0LT0" failures="0" tests="1" name="com.testngcast.crm.regressioncontacttest.CreateContactTest" time="52.627" errors="0" timestamp="2024-07-04T13:41:30 IST" skipped="0">
  <testcase classname="com.testngcast.crm.regressioncontacttest.CreateContactTest" name="createContactWithOrgTest" time="52.627"/>
  <system-out/>
</testsuite> <!-- com.testngcast.crm.regressioncontacttest.CreateContactTest -->
