<?xml version="1.0" encoding="UTF-8"?>
<!-- Generated by org.testng.reporters.JUnitReportReporter -->
<testsuite hostname="DESKTOP-Q7S0LT0" failures="0" tests="1" name="practice.testng.CreateContactTest" time="0.012" errors="0" timestamp="2024-06-28T11:06:26 IST" skipped="0">
  <testcase classname="practice.testng.CreateContactTest" name="login" time="0.012"/>
  <system-out/>
</testsuite> <!-- practice.testng.CreateContactTest -->
