<?xml version="1.0" encoding="UTF-8"?>
<!-- Generated by org.testng.reporters.JUnitReportReporter -->
<testsuite hostname="DESKTOP-Q7S0LT0" failures="0" tests="2" name="practice.testng.reporterclass.ReporterClassExample" time="0.015" errors="0" timestamp="2024-07-02T11:20:57 IST" skipped="0">
  <testcase classname="practice.testng.reporterclass.ReporterClassExample" name="verifyLogoHomePageTest" time="0.002"/>
  <system-out>
    <![CDATA[verifyLogoHomePageTest Test Start 
Step-1
Step-2
Step-3
Step-4
verifyLogoHomePageTest Test End]]>
  </system-out>
  <testcase classname="practice.testng.reporterclass.ReporterClassExample" name="homePageTest" time="0.013"/>
  <system-out>
    <![CDATA[homePageTest Test Start 
Step-1
Step-2
Step-3
Step-4
homePageTest Test End]]>
  </system-out>
</testsuite> <!-- practice.testng.reporterclass.ReporterClassExample -->
