<?xml version="1.0" encoding="UTF-8"?>
<!-- Generated by org.testng.reporters.JUnitReportReporter -->
<testsuite hostname="DESKTOP-Q7S0LT0" failures="0" tests="2" name="practice.testng.suiteexample.CreateOrgTest" time="0.011" errors="0" timestamp="2024-07-04T13:59:14 IST" skipped="0">
  <testcase classname="practice.testng.suiteexample.CreateOrgTest" name="createOrgWithIndustries" time="0.001"/>
  <system-out/>
  <testcase classname="practice.testng.suiteexample.CreateOrgTest" name="createOrgTest" time="0.010"/>
  <system-out/>
</testsuite> <!-- practice.testng.suiteexample.CreateOrgTest -->
