<?xml version="1.0" encoding="UTF-8"?>
<!-- Generated by org.testng.reporters.JUnitReportReporter -->
<testsuite hostname="DESKTOP-Q7S0LT0" failures="0" tests="3" name="com.testngcast.crm.contacttest.CreateContactTest" time="82.390" errors="0" timestamp="2024-07-04T13:55:44 IST" skipped="0">
  <testcase classname="com.testngcast.crm.contacttest.CreateContactTest" name="createContactTest" time="18.803"/>
  <system-out/>
  <testcase classname="com.testngcast.crm.contacttest.CreateContactTest" name="createContactWithOrgTest" time="42.867"/>
  <system-out/>
  <testcase classname="com.testngcast.crm.contacttest.CreateContactTest" name="createContactWithSupportDate" time="20.720"/>
  <system-out/>
</testsuite> <!-- com.testngcast.crm.contacttest.CreateContactTest -->
