<?xml version="1.0" encoding="UTF-8"?>
<!-- Generated by org.testng.reporters.JUnitReportReporter -->
<testsuite hostname="DESKTOP-Q7S0LT0" failures="0" tests="1" name="practice.testng.ConfigurationAnnotation.ConfigAnnotation1Test" time="0.015" errors="0" timestamp="2024-06-26T17:15:01 IST" skipped="0">
  <testcase classname="practice.testng.ConfigurationAnnotation.ConfigAnnotation1Test" name="createContact" time="0.015"/>
  <system-out/>
</testsuite> <!-- practice.testng.ConfigurationAnnotation.ConfigAnnotation1Test -->
