<?xml version="1.0" encoding="UTF-8"?>
<!-- Generated by org.testng.reporters.JUnitReportReporter -->
<testsuite hostname="DESKTOP-Q7S0LT0" failures="0" tests="3" name="com.testngcast1.crm.orgtest.CreateOrganizationTest" time="98.116" errors="0" timestamp="2024-06-28T17:52:13 IST" skipped="0">
  <testcase classname="com.testngcast1.crm.orgtest.CreateOrganizationTest" name="createOrganizationWithIndustriesTest" time="42.281"/>
  <system-out/>
  <testcase classname="com.testngcast1.crm.orgtest.CreateOrganizationTest" name="createOrganizationTest" time="26.357"/>
  <system-out/>
  <testcase classname="com.testngcast1.crm.orgtest.CreateOrganizationTest" name="CreateOrganizationWithPhoneNumber" time="29.478"/>
  <system-out/>
</testsuite> <!-- com.testngcast1.crm.orgtest.CreateOrganizationTest -->
