<?xml version="1.0" encoding="UTF-8"?>
<!-- Generated by org.testng.reporters.JUnitReportReporter -->
<testsuite hostname="DESKTOP-Q7S0LT0" failures="0" tests="3" name="com.testngcast.crm.listenercontacttest.CreateContactTest" time="81.993" errors="0" timestamp="2024-07-05T13:30:11 IST" skipped="0">
  <testcase classname="com.testngcast.crm.listenercontacttest.CreateContactTest" name="createContactWithSupportDate" time="16.270"/>
  <system-out/>
  <testcase classname="com.testngcast.crm.listenercontacttest.CreateContactTest" name="createContactWithOrgTest" time="43.212"/>
  <system-out/>
  <testcase classname="com.testngcast.crm.listenercontacttest.CreateContactTest" name="createContactTest" time="22.511"/>
  <system-out/>
</testsuite> <!-- com.testngcast.crm.listenercontacttest.CreateContactTest -->
