<?xml version="1.0" encoding="UTF-8"?>
<!-- Generated by org.testng.reporters.JUnitReportReporter -->
<testsuite hostname="DESKTOP-Q7S0LT0" failures="0" tests="1" name="practice.testng.reporterclass.SampleReportTest1" time="1.169" errors="0" timestamp="2024-07-04T18:17:38 IST" skipped="0">
  <testcase classname="practice.testng.reporterclass.SampleReportTest1" name="createContactTest" time="1.169"/>
  <system-out/>
</testsuite> <!-- practice.testng.reporterclass.SampleReportTest1 -->
