<?xml version="1.0" encoding="UTF-8"?>
<!-- Generated by org.testng.reporters.JUnitReportReporter -->
<testsuite hostname="DESKTOP-Q7S0LT0" failures="0" tests="3" name="practice.testngpriority.ContactTest1" time="0.017" errors="0" timestamp="22 Jun 2024 11:38:22 GMT" skipped="0">
  <testcase classname="practice.testngpriority.ContactTest1" name="modifyContactTest" time="0.002"/>
  <testcase classname="practice.testngpriority.ContactTest1" name="deleteContactTest" time="0.003"/>
  <testcase classname="practice.testngpriority.ContactTest1" name="createContactTest" time="0.012"/>
</testsuite> <!-- practice.testngpriority.ContactTest1 -->
