<?xml version="1.0" encoding="UTF-8"?>
<!-- Generated by org.testng.reporters.JUnitReportReporter -->
<testsuite hostname="DESKTOP-Q7S0LT0" failures="0" tests="2" name="com.crm.comcast.contacttest.CreateContactTest" time="0.022" errors="0" timestamp="2024-06-28T10:25:17 IST" skipped="0">
  <testcase classname="com.crm.comcast.contacttest.CreateContactTest" name="createContactWithDate" time="0.011"/>
  <system-out/>
  <testcase classname="com.crm.comcast.contacttest.CreateContactTest" name="createContact" time="0.011"/>
  <system-out/>
</testsuite> <!-- com.crm.comcast.contacttest.CreateContactTest -->
