<?xml version="1.0" encoding="UTF-8"?>
<!-- Generated by org.testng.reporters.JUnitReportReporter -->
<testsuite hostname="DESKTOP-Q7S0LT0" failures="0" tests="3" name="practice.testng.dependsonmethod.ContactTest" time="0.022" errors="0" timestamp="22 Jun 2024 12:59:53 GMT" skipped="0">
  <testcase classname="practice.testng.dependsonmethod.ContactTest" name="createContactTest" time="0.014"/>
  <testcase classname="practice.testng.dependsonmethod.ContactTest" name="deleteContactTest" time="0.003"/>
  <testcase classname="practice.testng.dependsonmethod.ContactTest" name="modifyContactTest" time="0.005"/>
</testsuite> <!-- practice.testng.dependsonmethod.ContactTest -->
