<?xml version="1.0" encoding="UTF-8"?>
<!-- Generated by org.testng.reporters.JUnitReportReporter -->
<testsuite hostname="DESKTOP-Q7S0LT0" failures="0" tests="1" name="practice.testng.GetProductInfoTest" time="37.501" errors="0" timestamp="2024-06-24T17:49:57 IST" skipped="0">
  <testcase classname="practice.testng.GetProductInfoTest" name="getProductInfoTest" time="37.501"/>
  <system-out/>
</testsuite> <!-- practice.testng.GetProductInfoTest -->
