<?xml version="1.0" encoding="UTF-8"?>
<!-- Generated by org.testng.reporters.JUnitReportReporter -->
<testsuite hostname="DESKTOP-Q7S0LT0" failures="0" tests="3" name="practice.testng.DataProvidersAnnotation.GetProductInfoTest" time="270.406" errors="0" timestamp="2024-06-25T19:01:48 IST" skipped="0">
  <testcase classname="practice.testng.DataProvidersAnnotation.GetProductInfoTest" name="getProductInfoTest" time="107.072"/>
  <system-out/>
  <testcase classname="practice.testng.DataProvidersAnnotation.GetProductInfoTest" name="getProductInfoTest" time="78.389"/>
  <system-out/>
  <testcase classname="practice.testng.DataProvidersAnnotation.GetProductInfoTest" name="getProductInfoTest" time="84.945"/>
  <system-out/>
</testsuite> <!-- practice.testng.DataProvidersAnnotation.GetProductInfoTest -->
