<?xml version="1.0" encoding="UTF-8"?>
<!-- Generated by org.testng.reporters.JUnitReportReporter -->
<testsuite hostname="DESKTOP-Q7S0LT0" failures="0" tests="2" name="practice.testng.ContactTest" time="0.014" errors="0" timestamp="2024-06-28T11:06:39 IST" skipped="0">
  <testcase classname="practice.testng.ContactTest" name="createContactTest" time="0.011"/>
  <system-out/>
  <testcase classname="practice.testng.ContactTest" name="createContactWithMobileNumberTest" time="0.003"/>
  <system-out/>
</testsuite> <!-- practice.testng.ContactTest -->
