<?xml version="1.0" encoding="UTF-8"?>
<!-- Generated by org.testng.reporters.JUnitReportReporter -->
<testsuite hostname="DESKTOP-Q7S0LT0" failures="0" tests="2" name="com.testngcast.crm.Assertions.SoftAssertExample2" time="79.913" errors="0" timestamp="2024-07-01T16:46:07 IST" skipped="0">
  <testcase classname="com.testngcast.crm.Assertions.SoftAssertExample2" name="verifyLogoHomePageTest" time="20.711"/>
  <system-out/>
  <testcase classname="com.testngcast.crm.Assertions.SoftAssertExample2" name="homePageTest" time="59.202"/>
  <system-out/>
</testsuite> <!-- com.testngcast.crm.Assertions.SoftAssertExample2 -->
