<?xml version="1.0" encoding="UTF-8"?>
<!-- Generated by org.testng.reporters.JUnitReportReporter -->
<testsuite hostname="DESKTOP-Q7S0LT0" failures="0" tests="3" name="practice.testng.DataProvidersAnnotation.CreateContact_DP_Test2" time="0.012" errors="0" timestamp="2024-06-25T12:37:11 IST" skipped="0">
  <testcase classname="practice.testng.DataProvidersAnnotation.CreateContact_DP_Test2" name="createContactTest" time="0.003"/>
  <system-out/>
  <testcase classname="practice.testng.DataProvidersAnnotation.CreateContact_DP_Test2" name="createContactTest" time="0.001"/>
  <system-out/>
  <testcase classname="practice.testng.DataProvidersAnnotation.CreateContact_DP_Test2" name="createContactTest" time="0.008"/>
  <system-out/>
</testsuite> <!-- practice.testng.DataProvidersAnnotation.CreateContact_DP_Test2 -->
