<?xml version="1.0" encoding="UTF-8"?>
<!-- Generated by org.testng.reporters.JUnitReportReporter -->
<testsuite hostname="DESKTOP-Q7S0LT0" failures="0" tests="11" name="practice.testng.dependsonmethod.OrderTest1" time="0.044" errors="0" timestamp="22 Jun 2024 13:13:59 GMT" skipped="1">
  <testcase classname="practice.testng.dependsonmethod.OrderTest1" name="createOrderTest" time="0.001"/>
  <testcase classname="practice.testng.dependsonmethod.OrderTest1" name="createOrderTest" time="0.002"/>
  <testcase classname="practice.testng.dependsonmethod.OrderTest1" name="createOrderTest" time="0.005"/>
  <testcase classname="practice.testng.dependsonmethod.OrderTest1" name="createOrderTest" time="0.002"/>
  <testcase classname="practice.testng.dependsonmethod.OrderTest1" name="createOrderTest" time="0.003"/>
  <testcase classname="practice.testng.dependsonmethod.OrderTest1" name="createOrderTest" time="0.005"/>
  <testcase classname="practice.testng.dependsonmethod.OrderTest1" name="createOrderTest" time="0.013"/>
  <testcase classname="practice.testng.dependsonmethod.OrderTest1" name="createOrderTest" time="0.002"/>
  <testcase classname="practice.testng.dependsonmethod.OrderTest1" name="createOrderTest" time="0.008"/>
  <testcase classname="practice.testng.dependsonmethod.OrderTest1" name="createOrderTest" time="0.003"/>
  <testcase classname="practice.testng.dependsonmethod.OrderTest1" name="billingAnOrderTest">
    <skipped/>
  </testcase> <!-- billingAnOrderTest -->
</testsuite> <!-- practice.testng.dependsonmethod.OrderTest1 -->
