<?xml version="1.0" encoding="UTF-8"?>
<!-- Generated by org.testng.reporters.JUnitReportReporter -->
<testsuite hostname="DESKTOP-Q7S0LT0" failures="0" tests="3" name="practice.testngpriority.ContactTest" time="0.024" errors="0" timestamp="22 Jun 2024 10:42:47 GMT" skipped="0">
  <testcase classname="practice.testngpriority.ContactTest" name="createContactTest" time="0.017"/>
  <testcase classname="practice.testngpriority.ContactTest" name="modifyContactTest" time="0.005"/>
  <testcase classname="practice.testngpriority.ContactTest" name="deleteContactTest" time="0.002"/>
</testsuite> <!-- practice.testngpriority.ContactTest -->
