<?xml version="1.0" encoding="UTF-8"?>
<!-- Generated by org.testng.reporters.JUnitReportReporter -->
<testsuite hostname="DESKTOP-Q7S0LT0" failures="0" tests="3" name="com.testngcast.crm.orgtest.CreateOrganizationTest" time="90.523" errors="0" timestamp="2024-07-05T13:07:09 IST" skipped="0">
  <testcase classname="com.testngcast.crm.orgtest.CreateOrganizationTest" name="CreateOrganizationWithPhoneNumber" time="60.673"/>
  <system-out/>
  <testcase classname="com.testngcast.crm.orgtest.CreateOrganizationTest" name="createOrganizationTest" time="16.050"/>
  <system-out/>
  <testcase classname="com.testngcast.crm.orgtest.CreateOrganizationTest" name="createOrganizationWithIndustriesTest" time="13.800"/>
  <system-out/>
</testsuite> <!-- com.testngcast.crm.orgtest.CreateOrganizationTest -->
