<?xml version="1.0" encoding="UTF-8"?>
<!-- Generated by org.testng.reporters.JUnitReportReporter -->
<testsuite hostname="DESKTOP-Q7S0LT0" failures="0" tests="3" name="com.testngcast.crm.orgtest.CreateOrganizationClassTest" time="63.304" errors="0" timestamp="2024-06-28T14:00:43 IST" skipped="0">
  <testcase classname="com.testngcast.crm.orgtest.CreateOrganizationClassTest" name="createOrganizationWithIndustriesTest" time="17.744"/>
  <system-out/>
  <testcase classname="com.testngcast.crm.orgtest.CreateOrganizationClassTest" name="CreateOrganizationWithPhoneNumber" time="27.675"/>
  <system-out/>
  <testcase classname="com.testngcast.crm.orgtest.CreateOrganizationClassTest" name="createOrganizationTest" time="17.885"/>
  <system-out/>
</testsuite> <!-- com.testngcast.crm.orgtest.CreateOrganizationClassTest -->
