<?xml version="1.0" encoding="UTF-8"?>
<!-- Generated by org.testng.reporters.JUnitReportReporter -->
<testsuite hostname="DESKTOP-Q7S0LT0" failures="0" tests="2" name="practice.testng.ConfigurationAnnotation.ConfigAnnotation4Test" time="0.017" errors="0" timestamp="2024-06-26T17:17:51 IST" skipped="0">
  <testcase classname="practice.testng.ConfigurationAnnotation.ConfigAnnotation4Test" name="createContactWithDate" time="0.007"/>
  <system-out/>
  <testcase classname="practice.testng.ConfigurationAnnotation.ConfigAnnotation4Test" name="createContact" time="0.010"/>
  <system-out/>
</testsuite> <!-- practice.testng.ConfigurationAnnotation.ConfigAnnotation4Test -->
